Generating MLM parameters...
  Security Parameter: 144
  Kappa: 3
  Alpha: 144
  Beta: 144
  Eta: 1454
  Nu: 299
  Rho: 144
  Rho_f: 870
  N: 10425
  Number of Zs: 3
  Seed: 15879417875178681701
  Generating p_i's and g_i's: 426.934445
  Generating CRT coefficients: 65.908404
  Generating z_i's: 11.502154
  Generating pzt: 98.256107
  Saving to file: 0.008094
Took: 602.617343
Constructing 144 BP...
Took: 0.073788
Randomizing BPs...
Took: 31.502557
Constructing bookend vectors...
  Computing bookend vectors: 0.220300
  Encoding 3 elements: 35.455351
  Encoding 3 elements: 35.444056
Took: 71.119919
Obfuscating layer...
  Encoding 18 elements: 39.767137
Took: 39.774306
Obfuscation took: 745.090057
Max memory usage: 20750208
Obfuscation took: 745.096157 seconds
