Generating MLM parameters...
  Security Parameter: 80
  Kappa: 3
  Alpha: 80
  Beta: 80
  Eta: 814
  Nu: 171
  Rho: 80
  Rho_f: 486
  N: 5146
  Number of Zs: 3
  Seed: 618203301414076111
  Generating p_i's and g_i's: 7.359965
  Generating CRT coefficients: 9.073179
  Generating z_i's: 2.298976
  Generating pzt: 7.831403
  Saving to file: 0.002905
Took: 26.571340
Constructing 80 BP...
Took: 0.040053
Randomizing BPs...
Took: 2.118492
Constructing bookend vectors...
  Computing bookend vectors: 0.250001
  Encoding 3 elements: 3.882284
  Encoding 3 elements: 3.880677
Took: 8.013181
Obfuscating layer...
  Encoding 18 elements: 4.716204
Took: 4.720178
Obfuscation took: 41.465455
Max memory usage: 3010040
Obfuscation took: 41.468746 seconds
