Generating MLM parameters...
  Security Parameter: 96
  Kappa: 3
  Alpha: 96
  Beta: 96
  Eta: 974
  Nu: 203
  Rho: 96
  Rho_f: 582
  N: 6413
  Number of Zs: 3
  Seed: 13205465647036320299
  Generating p_i's and g_i's: 95.711474
  Generating CRT coefficients: 19.010163
  Generating z_i's: 3.805889
  Generating pzt: 25.670195
  Saving to file: 0.003739
Took: 144.207021
Constructing 96 BP...
Took: 0.048462
Randomizing BPs...
Took: 4.244307
Constructing bookend vectors...
  Computing bookend vectors: 0.146097
  Encoding 3 elements: 6.707368
  Encoding 3 elements: 6.877718
Took: 13.731393
Obfuscating layer...
  Encoding 18 elements: 8.589203
Took: 8.594315
Obfuscation took: 170.827784
Max memory usage: 5360856
Obfuscation took: 170.832210 seconds
