4	../code/circuits/point-16.circ.obf.52/0.input
5	../code/circuits/point-16.circ.obf.52/0.ncols
5	../code/circuits/point-16.circ.obf.52/0.nrows
1040763938	../code/circuits/point-16.circ.obf.52/0.one
1040763936	../code/circuits/point-16.circ.obf.52/0.zero
5	../code/circuits/point-16.circ.obf.52/10.input
5	../code/circuits/point-16.circ.obf.52/10.ncols
5	../code/circuits/point-16.circ.obf.52/10.nrows
1040763943	../code/circuits/point-16.circ.obf.52/10.one
1040763943	../code/circuits/point-16.circ.obf.52/10.zero
5	../code/circuits/point-16.circ.obf.52/11.input
5	../code/circuits/point-16.circ.obf.52/11.ncols
5	../code/circuits/point-16.circ.obf.52/11.nrows
1040763934	../code/circuits/point-16.circ.obf.52/11.one
1040763953	../code/circuits/point-16.circ.obf.52/11.zero
5	../code/circuits/point-16.circ.obf.52/12.input
5	../code/circuits/point-16.circ.obf.52/12.ncols
5	../code/circuits/point-16.circ.obf.52/12.nrows
1040763951	../code/circuits/point-16.circ.obf.52/12.one
1040763938	../code/circuits/point-16.circ.obf.52/12.zero
5	../code/circuits/point-16.circ.obf.52/13.input
5	../code/circuits/point-16.circ.obf.52/13.ncols
5	../code/circuits/point-16.circ.obf.52/13.nrows
1040763943	../code/circuits/point-16.circ.obf.52/13.one
1040763948	../code/circuits/point-16.circ.obf.52/13.zero
5	../code/circuits/point-16.circ.obf.52/14.input
5	../code/circuits/point-16.circ.obf.52/14.ncols
5	../code/circuits/point-16.circ.obf.52/14.nrows
1040763939	../code/circuits/point-16.circ.obf.52/14.one
1040763939	../code/circuits/point-16.circ.obf.52/14.zero
5	../code/circuits/point-16.circ.obf.52/15.input
5	../code/circuits/point-16.circ.obf.52/15.ncols
5	../code/circuits/point-16.circ.obf.52/15.nrows
1040763936	../code/circuits/point-16.circ.obf.52/15.one
1040763938	../code/circuits/point-16.circ.obf.52/15.zero
5	../code/circuits/point-16.circ.obf.52/1.input
5	../code/circuits/point-16.circ.obf.52/1.ncols
5	../code/circuits/point-16.circ.obf.52/1.nrows
1040763950	../code/circuits/point-16.circ.obf.52/1.one
1040763937	../code/circuits/point-16.circ.obf.52/1.zero
5	../code/circuits/point-16.circ.obf.52/2.input
5	../code/circuits/point-16.circ.obf.52/2.ncols
5	../code/circuits/point-16.circ.obf.52/2.nrows
1040763945	../code/circuits/point-16.circ.obf.52/2.one
1040763956	../code/circuits/point-16.circ.obf.52/2.zero
5	../code/circuits/point-16.circ.obf.52/3.input
5	../code/circuits/point-16.circ.obf.52/3.ncols
5	../code/circuits/point-16.circ.obf.52/3.nrows
1040763945	../code/circuits/point-16.circ.obf.52/3.one
1040763954	../code/circuits/point-16.circ.obf.52/3.zero
5	../code/circuits/point-16.circ.obf.52/4.input
5	../code/circuits/point-16.circ.obf.52/4.ncols
5	../code/circuits/point-16.circ.obf.52/4.nrows
1040763941	../code/circuits/point-16.circ.obf.52/4.one
1040763938	../code/circuits/point-16.circ.obf.52/4.zero
5	../code/circuits/point-16.circ.obf.52/5.input
5	../code/circuits/point-16.circ.obf.52/5.ncols
5	../code/circuits/point-16.circ.obf.52/5.nrows
1040763947	../code/circuits/point-16.circ.obf.52/5.one
1040763930	../code/circuits/point-16.circ.obf.52/5.zero
5	../code/circuits/point-16.circ.obf.52/6.input
5	../code/circuits/point-16.circ.obf.52/6.ncols
5	../code/circuits/point-16.circ.obf.52/6.nrows
1040763943	../code/circuits/point-16.circ.obf.52/6.one
1040763929	../code/circuits/point-16.circ.obf.52/6.zero
5	../code/circuits/point-16.circ.obf.52/7.input
5	../code/circuits/point-16.circ.obf.52/7.ncols
5	../code/circuits/point-16.circ.obf.52/7.nrows
1040763950	../code/circuits/point-16.circ.obf.52/7.one
1040763942	../code/circuits/point-16.circ.obf.52/7.zero
5	../code/circuits/point-16.circ.obf.52/8.input
5	../code/circuits/point-16.circ.obf.52/8.ncols
5	../code/circuits/point-16.circ.obf.52/8.nrows
1040763951	../code/circuits/point-16.circ.obf.52/8.one
1040763942	../code/circuits/point-16.circ.obf.52/8.zero
5	../code/circuits/point-16.circ.obf.52/9.input
5	../code/circuits/point-16.circ.obf.52/9.ncols
5	../code/circuits/point-16.circ.obf.52/9.nrows
1040763929	../code/circuits/point-16.circ.obf.52/9.one
1040763930	../code/circuits/point-16.circ.obf.52/9.zero
5	../code/circuits/point-16.circ.obf.52/nu
3212235	../code/circuits/point-16.circ.obf.52/pzt
3212235	../code/circuits/point-16.circ.obf.52/q
57820218	../code/circuits/point-16.circ.obf.52/s_enc
5	../code/circuits/point-16.circ.obf.52/size
57820222	../code/circuits/point-16.circ.obf.52/t_enc
