Generating MLM parameters...
  Security Parameter: 52
  Kappa: 18
  Alpha: 52
  Beta: 52
  Eta: 2124
  Nu: 115
  Rho: 52
  Rho_f: 1908
  N: 12107
  Number of Zs: 18
  Seed: 13760761290934754833
  Generating p_i's and g_i's: 944.253886
  Generating CRT coefficients: 164.675918
  Generating z_i's: 24.650160
  Generating pzt: 212.894250
  Saving to file: 0.013798
Took: 1346.500324
Constructing 52 BP...
Took: 1.112382
Randomizing BPs...
Took: 28.245867
Constructing bookend vectors...
  Computing bookend vectors: 0.174936
  Encoding 18 elements: 62.861787
  Encoding 18 elements: 59.673459
Took: 122.710371
Obfuscating layer...
  Encoding 648 elements: 1417.636786
Took: 1417.672791
Obfuscating layer...
  Encoding 648 elements: 1325.633083
Took: 1325.666356
Obfuscating layer...
  Encoding 648 elements: 1160.778112
Took: 1160.814398
Obfuscating layer...
  Encoding 648 elements: 1335.175206
Took: 1335.207826
Obfuscating layer...
  Encoding 648 elements: 1379.492565
Took: 1379.525215
Obfuscating layer...
  Encoding 648 elements: 1391.251393
Took: 1391.283884
Obfuscating layer...
  Encoding 648 elements: 1362.079797
Took: 1362.112176
Obfuscating layer...
  Encoding 648 elements: 1326.976235
Took: 1327.009003
Obfuscating layer...
  Encoding 648 elements: 1347.863370
Took: 1347.896055
Obfuscating layer...
  Encoding 648 elements: 1425.072468
Took: 1425.109571
Obfuscating layer...
  Encoding 648 elements: 1337.353827
Took: 1337.386460
Obfuscating layer...
  Encoding 648 elements: 1519.987900
Took: 1520.019383
Obfuscating layer...
  Encoding 648 elements: 1296.932705
Took: 1296.963957
Obfuscating layer...
  Encoding 648 elements: 1354.865386
Took: 1354.896959
Obfuscating layer...
  Encoding 648 elements: 1397.382544
Took: 1397.414631
Obfuscating layer...
  Encoding 648 elements: 1368.636138
Took: 1368.671411
Obfuscation took: 23246.242960
Max memory usage: 43199952
Obfuscation took: 23246.414901 seconds
