Generating MLM parameters...
  Security Parameter: 52
  Kappa: 10
  Alpha: 52
  Beta: 52
  Eta: 1276
  Nu: 115
  Rho: 52
  Rho_f: 1060
  N: 7273
  Number of Zs: 10
  Seed: 8295215253047338899
  Generating p_i's and g_i's: 168.549255
  Generating CRT coefficients: 38.876165
  Generating z_i's: 6.571670
  Generating pzt: 58.208470
  Saving to file: 0.007406
Took: 272.218813
Constructing 52 BP...
Took: 0.443488
Randomizing BPs...
Took: 3.517923
Constructing bookend vectors...
  Computing bookend vectors: 0.116571
  Encoding 10 elements: 12.333985
  Encoding 10 elements: 12.990075
Took: 25.440815
Obfuscating layer...
  Encoding 200 elements: 89.820346
Took: 89.831742
Obfuscating layer...
  Encoding 200 elements: 84.997487
Took: 85.009700
Obfuscating layer...
  Encoding 200 elements: 94.121982
Took: 94.134227
Obfuscating layer...
  Encoding 200 elements: 92.324458
Took: 92.336337
Obfuscating layer...
  Encoding 200 elements: 89.146323
Took: 89.158051
Obfuscating layer...
  Encoding 200 elements: 86.923272
Took: 86.934956
Obfuscating layer...
  Encoding 200 elements: 79.748290
Took: 79.760158
Obfuscating layer...
  Encoding 200 elements: 88.595237
Took: 88.606779
Obfuscation took: 1007.404155
Max memory usage: 9383692
Obfuscation took: 1007.440935 seconds
