Generating MLM parameters...
  Security Parameter: 52
  Kappa: 14
  Alpha: 52
  Beta: 52
  Eta: 1700
  Nu: 115
  Rho: 52
  Rho_f: 1484
  N: 9690
  Number of Zs: 14
  Seed: 14795994040046131432
  Generating p_i's and g_i's: 428.939776
  Generating CRT coefficients: 76.852793
  Generating z_i's: 12.881949
  Generating pzt: 116.725502
  Saving to file: 0.008520
Took: 635.415755
Constructing 52 BP...
Took: 0.887436
Randomizing BPs...
Took: 11.876564
Constructing bookend vectors...
  Computing bookend vectors: 0.143556
  Encoding 14 elements: 29.071725
  Encoding 14 elements: 31.238806
Took: 60.454270
Obfuscating layer...
  Encoding 392 elements: 341.869563
Took: 341.889169
Obfuscating layer...
  Encoding 392 elements: 342.249093
Took: 342.268321
Obfuscating layer...
  Encoding 392 elements: 335.872485
Took: 335.890973
Obfuscating layer...
  Encoding 392 elements: 345.577958
Took: 345.601851
Obfuscating layer...
  Encoding 392 elements: 316.710922
Took: 316.731014
Obfuscating layer...
  Encoding 392 elements: 354.027853
Took: 354.048741
Obfuscating layer...
  Encoding 392 elements: 331.695806
Took: 331.715880
Obfuscating layer...
  Encoding 392 elements: 349.876645
Took: 349.896409
Obfuscating layer...
  Encoding 392 elements: 350.558306
Took: 350.577764
Obfuscating layer...
  Encoding 392 elements: 364.858083
Took: 364.877419
Obfuscating layer...
  Encoding 392 elements: 347.387673
Took: 347.407152
Obfuscating layer...
  Encoding 392 elements: 374.299324
Took: 374.318967
Obfuscation took: 4863.874875
Max memory usage: 22113128
Obfuscation took: 4863.959967 seconds
