4	../code/circuits/point-12.circ.obf.52/0.input
5	../code/circuits/point-12.circ.obf.52/0.ncols
5	../code/circuits/point-12.circ.obf.52/0.nrows
403244511	../code/circuits/point-12.circ.obf.52/0.one
403244511	../code/circuits/point-12.circ.obf.52/0.zero
5	../code/circuits/point-12.circ.obf.52/10.input
5	../code/circuits/point-12.circ.obf.52/10.ncols
5	../code/circuits/point-12.circ.obf.52/10.nrows
403244511	../code/circuits/point-12.circ.obf.52/10.one
403244510	../code/circuits/point-12.circ.obf.52/10.zero
5	../code/circuits/point-12.circ.obf.52/11.input
5	../code/circuits/point-12.circ.obf.52/11.ncols
5	../code/circuits/point-12.circ.obf.52/11.nrows
403244514	../code/circuits/point-12.circ.obf.52/11.one
403244515	../code/circuits/point-12.circ.obf.52/11.zero
5	../code/circuits/point-12.circ.obf.52/1.input
5	../code/circuits/point-12.circ.obf.52/1.ncols
5	../code/circuits/point-12.circ.obf.52/1.nrows
403244515	../code/circuits/point-12.circ.obf.52/1.one
403244515	../code/circuits/point-12.circ.obf.52/1.zero
5	../code/circuits/point-12.circ.obf.52/2.input
5	../code/circuits/point-12.circ.obf.52/2.ncols
5	../code/circuits/point-12.circ.obf.52/2.nrows
403244514	../code/circuits/point-12.circ.obf.52/2.one
403244518	../code/circuits/point-12.circ.obf.52/2.zero
5	../code/circuits/point-12.circ.obf.52/3.input
5	../code/circuits/point-12.circ.obf.52/3.ncols
5	../code/circuits/point-12.circ.obf.52/3.nrows
403244514	../code/circuits/point-12.circ.obf.52/3.one
403244516	../code/circuits/point-12.circ.obf.52/3.zero
5	../code/circuits/point-12.circ.obf.52/4.input
5	../code/circuits/point-12.circ.obf.52/4.ncols
5	../code/circuits/point-12.circ.obf.52/4.nrows
403244512	../code/circuits/point-12.circ.obf.52/4.one
403244516	../code/circuits/point-12.circ.obf.52/4.zero
5	../code/circuits/point-12.circ.obf.52/5.input
5	../code/circuits/point-12.circ.obf.52/5.ncols
5	../code/circuits/point-12.circ.obf.52/5.nrows
403244515	../code/circuits/point-12.circ.obf.52/5.one
403244510	../code/circuits/point-12.circ.obf.52/5.zero
5	../code/circuits/point-12.circ.obf.52/6.input
5	../code/circuits/point-12.circ.obf.52/6.ncols
5	../code/circuits/point-12.circ.obf.52/6.nrows
403244509	../code/circuits/point-12.circ.obf.52/6.one
403244510	../code/circuits/point-12.circ.obf.52/6.zero
5	../code/circuits/point-12.circ.obf.52/7.input
5	../code/circuits/point-12.circ.obf.52/7.ncols
5	../code/circuits/point-12.circ.obf.52/7.nrows
403244515	../code/circuits/point-12.circ.obf.52/7.one
403244517	../code/circuits/point-12.circ.obf.52/7.zero
5	../code/circuits/point-12.circ.obf.52/8.input
5	../code/circuits/point-12.circ.obf.52/8.ncols
5	../code/circuits/point-12.circ.obf.52/8.nrows
403244517	../code/circuits/point-12.circ.obf.52/8.one
403244514	../code/circuits/point-12.circ.obf.52/8.zero
5	../code/circuits/point-12.circ.obf.52/9.input
5	../code/circuits/point-12.circ.obf.52/9.ncols
5	../code/circuits/point-12.circ.obf.52/9.nrows
403244510	../code/circuits/point-12.circ.obf.52/9.one
403244508	../code/circuits/point-12.circ.obf.52/9.zero
5	../code/circuits/point-12.circ.obf.52/nu
2057370	../code/circuits/point-12.circ.obf.52/pzt
2057370	../code/circuits/point-12.circ.obf.52/q
28803180	../code/circuits/point-12.circ.obf.52/s_enc
5	../code/circuits/point-12.circ.obf.52/size
28803179	../code/circuits/point-12.circ.obf.52/t_enc
