4	../code/circuits/point-8.circ.obf.52/0.input
5	../code/circuits/point-8.circ.obf.52/0.ncols
5	../code/circuits/point-8.circ.obf.52/0.nrows
115874198	../code/circuits/point-8.circ.obf.52/0.one
115874200	../code/circuits/point-8.circ.obf.52/0.zero
5	../code/circuits/point-8.circ.obf.52/1.input
5	../code/circuits/point-8.circ.obf.52/1.ncols
5	../code/circuits/point-8.circ.obf.52/1.nrows
115874199	../code/circuits/point-8.circ.obf.52/1.one
115874200	../code/circuits/point-8.circ.obf.52/1.zero
5	../code/circuits/point-8.circ.obf.52/2.input
5	../code/circuits/point-8.circ.obf.52/2.ncols
5	../code/circuits/point-8.circ.obf.52/2.nrows
115874200	../code/circuits/point-8.circ.obf.52/2.one
115874199	../code/circuits/point-8.circ.obf.52/2.zero
5	../code/circuits/point-8.circ.obf.52/3.input
5	../code/circuits/point-8.circ.obf.52/3.ncols
5	../code/circuits/point-8.circ.obf.52/3.nrows
115874199	../code/circuits/point-8.circ.obf.52/3.one
115874199	../code/circuits/point-8.circ.obf.52/3.zero
5	../code/circuits/point-8.circ.obf.52/4.input
5	../code/circuits/point-8.circ.obf.52/4.ncols
5	../code/circuits/point-8.circ.obf.52/4.nrows
115874200	../code/circuits/point-8.circ.obf.52/4.one
115874200	../code/circuits/point-8.circ.obf.52/4.zero
5	../code/circuits/point-8.circ.obf.52/5.input
5	../code/circuits/point-8.circ.obf.52/5.ncols
5	../code/circuits/point-8.circ.obf.52/5.nrows
115874200	../code/circuits/point-8.circ.obf.52/5.one
115874200	../code/circuits/point-8.circ.obf.52/5.zero
5	../code/circuits/point-8.circ.obf.52/6.input
5	../code/circuits/point-8.circ.obf.52/6.ncols
5	../code/circuits/point-8.circ.obf.52/6.nrows
115874199	../code/circuits/point-8.circ.obf.52/6.one
115874199	../code/circuits/point-8.circ.obf.52/6.zero
5	../code/circuits/point-8.circ.obf.52/7.input
5	../code/circuits/point-8.circ.obf.52/7.ncols
5	../code/circuits/point-8.circ.obf.52/7.nrows
115874199	../code/circuits/point-8.circ.obf.52/7.one
115874200	../code/circuits/point-8.circ.obf.52/7.zero
5	../code/circuits/point-8.circ.obf.52/nu
1158742	../code/circuits/point-8.circ.obf.52/pzt
1158742	../code/circuits/point-8.circ.obf.52/q
11587420	../code/circuits/point-8.circ.obf.52/s_enc
5	../code/circuits/point-8.circ.obf.52/size
11587420	../code/circuits/point-8.circ.obf.52/t_enc
