Generating MLM parameters...
  Security Parameter: 80
  Kappa: 4
  Alpha: 80
  Beta: 80
  Eta: 976
  Nu: 171
  Rho: 80
  Rho_f: 648
  N: 6170
  Number of Zs: 4
  Seed: 18382550943194948641
  Generating p_i's and g_i's: 89.822016
  Generating CRT coefficients: 20.597809
  Generating z_i's: 3.690623
  Generating pzt: 25.236912
  Saving to file: 0.003089
Took: 139.356371
Constructing 80 BP...
Took: 0.076883
Randomizing BPs...
Took: 2.246559
Constructing bookend vectors...
  Computing bookend vectors: 0.128865
  Encoding 4 elements: 6.763716
  Encoding 4 elements: 6.682465
Took: 13.575265
Obfuscating layer...
  Encoding 32 elements: 8.261358
Took: 8.266928
Obfuscating layer...
  Encoding 32 elements: 8.208453
Took: 8.214387
Obfuscation took: 171.739372
Max memory usage: 5157616
Obfuscation took: 171.747296 seconds
