Generating MLM parameters...
  Security Parameter: 48
  Kappa: 4
  Alpha: 48
  Beta: 48
  Eta: 592
  Nu: 107
  Rho: 48
  Rho_f: 392
  N: 3306
  Number of Zs: 4
  Seed: 253419250187666005
  Generating p_i's and g_i's: 1.671704
  Generating CRT coefficients: 2.979596
  Generating z_i's: 0.837716
  Generating pzt: 2.514106
  Saving to file: 0.001878
Took: 8.008946
Constructing 48 BP...
Took: 0.070812
Randomizing BPs...
Took: 0.454007
Constructing bookend vectors...
  Computing bookend vectors: 0.082870
  Encoding 5 elements: 1.020955
  Encoding 5 elements: 0.934099
Took: 2.038134
Obfuscating layer...
  Encoding 50 elements: 2.744764
Took: 2.748953
Obfuscating layer...
  Encoding 50 elements: 2.633988
Took: 2.638244
Obfuscation took: 15.962199
Max memory usage: 1066068
Obfuscation took: 15.967439 seconds
