Generating MLM parameters...
  Security Parameter: 160
  Kappa: 4
  Alpha: 160
  Beta: 160
  Eta: 1936
  Nu: 331
  Rho: 160
  Rho_f: 1288
  N: 14175
  Number of Zs: 4
  Seed: 13394653559622428259
  Generating p_i's and g_i's: 1156.849978
  Generating CRT coefficients: 162.537603
  Generating z_i's: 24.523796
  Generating pzt: 278.388160
  Saving to file: 0.013033
Took: 1622.326641
Constructing 160 BP...
Took: 0.230405
Randomizing BPs...
Took: 19.242415
Constructing bookend vectors...
  Computing bookend vectors: 0.487396
  Encoding 5 elements: 90.889073
  Encoding 5 elements: 90.083996
Took: 181.460702
Obfuscating layer...
  Encoding 50 elements: 233.119374
Took: 233.133866
Obfuscating layer...
  Encoding 50 elements: 237.516810
Took: 237.530883
Obfuscation took: 2293.928728
Max memory usage: 49104852
Obfuscation took: 2293.947943 seconds
